2012-06-22 13:32:07 Error: [MissingControllerException] Controller class CssController could not be found.
#0 C:\xampp\htdocs\cakephp_demo\app\webroot\index.php(92): Dispatcher->dispatch(Object(CakeRequest), Object(CakeResponse))
#1 {main}
2012-06-22 13:34:36 Error: [MissingControllerException] Controller class CssController could not be found.
#0 C:\xampp\htdocs\cakephp_demo\app\webroot\index.php(92): Dispatcher->dispatch(Object(CakeRequest), Object(CakeResponse))
#1 {main}
2012-06-22 13:44:58 Error: [MissingComponentException] Component class BrowserHelperComponent could not be found.
#0 C:\xampp\htdocs\cakephp_demo\lib\Cake\Controller\ComponentCollection.php(52): ComponentCollection->load('BrowserHelper', Array)
#1 C:\xampp\htdocs\cakephp_demo\lib\Cake\Controller\Controller.php(635): ComponentCollection->init(Object(PagesController))
#2 C:\xampp\htdocs\cakephp_demo\lib\Cake\Routing\Dispatcher.php(99): Controller->constructClasses()
#3 C:\xampp\htdocs\cakephp_demo\lib\Cake\Routing\Dispatcher.php(85): Dispatcher->_invoke(Object(PagesController), Object(CakeRequest), Object(CakeResponse))
#4 C:\xampp\htdocs\cakephp_demo\app\webroot\index.php(92): Dispatcher->dispatch(Object(CakeRequest), Object(CakeResponse))
#5 {main}
2012-06-22 13:45:18 Error: [MissingComponentException] Component class BrowserHelperComponent could not be found.
#0 C:\xampp\htdocs\cakephp_demo\lib\Cake\Controller\ComponentCollection.php(52): ComponentCollection->load('BrowserHelper', Array)
#1 C:\xampp\htdocs\cakephp_demo\lib\Cake\Controller\Controller.php(635): ComponentCollection->init(Object(PagesController))
#2 C:\xampp\htdocs\cakephp_demo\lib\Cake\Routing\Dispatcher.php(99): Controller->constructClasses()
#3 C:\xampp\htdocs\cakephp_demo\lib\Cake\Routing\Dispatcher.php(85): Dispatcher->_invoke(Object(PagesController), Object(CakeRequest), Object(CakeResponse))
#4 C:\xampp\htdocs\cakephp_demo\app\webroot\index.php(92): Dispatcher->dispatch(Object(CakeRequest), Object(CakeResponse))
#5 {main}
2012-06-22 13:45:59 Error: [MissingComponentException] Component class BrowserHelperComponent could not be found.
#0 C:\xampp\htdocs\cakephp_demo\lib\Cake\Controller\ComponentCollection.php(52): ComponentCollection->load('BrowserHelper', Array)
#1 C:\xampp\htdocs\cakephp_demo\lib\Cake\Controller\Controller.php(635): ComponentCollection->init(Object(PagesController))
#2 C:\xampp\htdocs\cakephp_demo\lib\Cake\Routing\Dispatcher.php(99): Controller->constructClasses()
#3 C:\xampp\htdocs\cakephp_demo\lib\Cake\Routing\Dispatcher.php(85): Dispatcher->_invoke(Object(PagesController), Object(CakeRequest), Object(CakeResponse))
#4 C:\xampp\htdocs\cakephp_demo\app\webroot\index.php(92): Dispatcher->dispatch(Object(CakeRequest), Object(CakeResponse))
#5 {main}
2012-06-22 13:46:00 Error: [MissingComponentException] Component class BrowserHelperComponent could not be found.
#0 C:\xampp\htdocs\cakephp_demo\lib\Cake\Controller\ComponentCollection.php(52): ComponentCollection->load('BrowserHelper', Array)
#1 C:\xampp\htdocs\cakephp_demo\lib\Cake\Controller\Controller.php(635): ComponentCollection->init(Object(PagesController))
#2 C:\xampp\htdocs\cakephp_demo\lib\Cake\Routing\Dispatcher.php(99): Controller->constructClasses()
#3 C:\xampp\htdocs\cakephp_demo\lib\Cake\Routing\Dispatcher.php(85): Dispatcher->_invoke(Object(PagesController), Object(CakeRequest), Object(CakeResponse))
#4 C:\xampp\htdocs\cakephp_demo\app\webroot\index.php(92): Dispatcher->dispatch(Object(CakeRequest), Object(CakeResponse))
#5 {main}
2012-06-22 13:46:34 Error: [MissingComponentException] Component class BrowserHelperComponent could not be found.
#0 C:\xampp\htdocs\cakephp_demo\lib\Cake\Controller\ComponentCollection.php(52): ComponentCollection->load('BrowserHelper', Array)
#1 C:\xampp\htdocs\cakephp_demo\lib\Cake\Controller\Controller.php(635): ComponentCollection->init(Object(PagesController))
#2 C:\xampp\htdocs\cakephp_demo\lib\Cake\Routing\Dispatcher.php(99): Controller->constructClasses()
#3 C:\xampp\htdocs\cakephp_demo\lib\Cake\Routing\Dispatcher.php(85): Dispatcher->_invoke(Object(PagesController), Object(CakeRequest), Object(CakeResponse))
#4 C:\xampp\htdocs\cakephp_demo\app\webroot\index.php(92): Dispatcher->dispatch(Object(CakeRequest), Object(CakeResponse))
#5 {main}
2012-06-22 13:46:35 Error: [MissingComponentException] Component class BrowserHelperComponent could not be found.
#0 C:\xampp\htdocs\cakephp_demo\lib\Cake\Controller\ComponentCollection.php(52): ComponentCollection->load('BrowserHelper', Array)
#1 C:\xampp\htdocs\cakephp_demo\lib\Cake\Controller\Controller.php(635): ComponentCollection->init(Object(PagesController))
#2 C:\xampp\htdocs\cakephp_demo\lib\Cake\Routing\Dispatcher.php(99): Controller->constructClasses()
#3 C:\xampp\htdocs\cakephp_demo\lib\Cake\Routing\Dispatcher.php(85): Dispatcher->_invoke(Object(PagesController), Object(CakeRequest), Object(CakeResponse))
#4 C:\xampp\htdocs\cakephp_demo\app\webroot\index.php(92): Dispatcher->dispatch(Object(CakeRequest), Object(CakeResponse))
#5 {main}
2012-06-23 12:46:07 Error: [MissingControllerException] Controller class CssController could not be found.
#0 /home/smorcuend/public_html/BrowserDetectComp_CakePHP/app/webroot/index.php(92): Dispatcher->dispatch(Object(CakeRequest), Object(CakeResponse))
#1 {main}
2012-06-23 12:46:27 Error: [MissingControllerException] Controller class CssController could not be found.
#0 /home/smorcuend/public_html/BrowserDetectComp_CakePHP/app/webroot/index.php(92): Dispatcher->dispatch(Object(CakeRequest), Object(CakeResponse))
#1 {main}
